18:29:19.321 [TestNG-tests-2] INFO  testCases.AccRegTest - Driver initiated!
18:29:19.398 [TestNG-tests-2] INFO  testCases.AccRegTest - Test Started!
18:29:19.454 [TestNG-tests-2] INFO  testCases.AccRegTest - test completed!
18:29:21.836 [TestNG-tests-1] INFO  testCases.AccRegTest - Driver initiated!
18:29:21.929 [TestNG-tests-1] INFO  testCases.AccRegTest - Test Started!
18:29:21.947 [TestNG-tests-1] INFO  testCases.AccRegTest - test completed!
18:33:45.496 [main] DEBUG org.testng.TestNG - suiteXmlPath: "/Users/gvig/eclipse-workspace/Opencart/testng.xml"
18:33:45.962 [main] INFO  org.testng.internal.Utils - [TestNG] Running:
  /Users/gvig/eclipse-workspace/Opencart/testng.xml

18:33:50.392 [TestNG-tests-2] INFO  testCases.AccRegTest - Driver initiated!
18:33:50.453 [TestNG-tests-2] INFO  testCases.AccRegTest - Test Started!
18:33:51.651 [TestNG-tests-2] INFO  testCases.AccRegTest - page load completed!
18:33:53.068 [TestNG-tests-1] INFO  testCases.AccRegTest - Driver initiated!
18:33:53.152 [TestNG-tests-1] INFO  testCases.AccRegTest - Test Started!
18:33:54.095 [TestNG-tests-2] INFO  testCases.AccRegTest - proceeding to validation!
18:33:54.108 [TestNG-tests-2] INFO  testCases.AccRegTest - test completed!
18:33:57.087 [TestNG-tests-1] INFO  testCases.AccRegTest - page load completed!
18:34:04.303 [TestNG-tests-1] INFO  testCases.AccRegTest - proceeding to validation!
18:34:04.312 [TestNG-tests-1] INFO  testCases.AccRegTest - test completed!
18:35:34.052 [main] DEBUG org.testng.TestNG - suiteXmlPath: "/Users/gvig/eclipse-workspace/Opencart/testng.xml"
18:35:34.598 [main] INFO  org.testng.internal.Utils - [TestNG] Running:
  /Users/gvig/eclipse-workspace/Opencart/testng.xml

18:35:38.957 [TestNG-tests-2] INFO  testCases.AccRegTest - Driver initiated!
18:35:39.020 [TestNG-tests-2] INFO  testCases.AccRegTest - Test Started!
18:35:40.068 [TestNG-tests-2] INFO  testCases.AccRegTest - page load completed!
18:35:41.628 [TestNG-tests-1] INFO  testCases.AccRegTest - Driver initiated!
18:35:41.737 [TestNG-tests-1] INFO  testCases.AccRegTest - Test Started!
18:35:42.709 [TestNG-tests-2] INFO  testCases.AccRegTest - proceeding to validation!
18:35:42.718 [TestNG-tests-2] INFO  testCases.AccRegTest - test completed!
18:35:45.269 [TestNG-tests-1] INFO  testCases.AccRegTest - page load completed!
18:35:55.220 [TestNG-tests-1] INFO  testCases.AccRegTest - proceeding to validation!
18:35:55.229 [TestNG-tests-1] INFO  testCases.AccRegTest - test completed!
18:36:36.601 [main] DEBUG org.testng.TestNG - suiteXmlPath: "/Users/gvig/eclipse-workspace/Opencart/testng.xml"
18:36:37.082 [main] INFO  org.testng.internal.Utils - [TestNG] Running:
  /Users/gvig/eclipse-workspace/Opencart/testng.xml

18:36:41.521 [TestNG-tests-2] INFO  testCases.AccRegTest - Driver initiated!
18:36:41.587 [TestNG-tests-2] INFO  testCases.AccRegTest - Test Started!
18:36:42.508 [TestNG-tests-2] INFO  testCases.AccRegTest - page load completed!
18:36:44.233 [TestNG-tests-1] INFO  testCases.AccRegTest - Driver initiated!
18:36:44.324 [TestNG-tests-1] INFO  testCases.AccRegTest - Test Started!
18:36:45.011 [TestNG-tests-2] INFO  testCases.AccRegTest - proceeding to validation!
18:36:45.018 [TestNG-tests-2] INFO  testCases.AccRegTest - test completed!
18:36:47.875 [TestNG-tests-1] INFO  testCases.AccRegTest - page load completed!
18:36:57.603 [TestNG-tests-1] INFO  testCases.AccRegTest - proceeding to validation!
18:36:57.617 [TestNG-tests-1] INFO  testCases.AccRegTest - test completed!
21:33:52.658 [main] DEBUG org.testng.TestNG - suiteXmlPath: "/var/folders/vk/c8xvglh1045_fw78fj_v46tm010l3j/T/testng-eclipse-1722922067/testng-customsuite.xml"
21:33:53.019 [main] INFO  org.testng.internal.Utils - [Utils] MethodGroupsHelper.collectMethodsByGroup() took 0 ms.
21:33:53.023 [main] INFO  org.testng.internal.Utils - [Utils] MethodGroupsHelper.sortMethods() took 0 ms.
21:33:53.026 [main] INFO  org.testng.internal.Utils - [Utils] MethodGroupsHelper.collectMethodsByGroup() took 0 ms.
21:33:53.026 [main] INFO  org.testng.internal.Utils - [Utils] MethodGroupsHelper.sortMethods() took 0 ms.
21:33:53.026 [main] INFO  org.testng.internal.Utils - [Utils] MethodGroupsHelper.collectMethodsByGroup() took 0 ms.
21:33:53.027 [main] INFO  org.testng.internal.Utils - [Utils] MethodGroupsHelper.sortMethods() took 0 ms.
21:33:53.030 [main] INFO  org.testng.internal.Utils - [Utils] MethodGroupsHelper.collectMethodsByGroup() took 0 ms.
21:33:53.030 [main] INFO  org.testng.internal.Utils - [Utils] MethodGroupsHelper.sortMethods() took 0 ms.
21:33:53.043 [main] INFO  org.testng.internal.Utils - [Utils] MethodGroupsHelper.collectMethodsByGroup() took 8 ms.
21:33:53.073 [main] INFO  org.testng.internal.Utils - [Utils] MethodGroupsHelper.sortMethods() took 29 ms.
21:33:53.078 [main] INFO  org.testng.internal.Utils - [Utils] MethodGroupsHelper.collectMethodsByGroup() took 0 ms.
21:33:53.081 [main] INFO  org.testng.internal.Utils - [Utils] MethodGroupsHelper.sortMethods() took 2 ms.
21:33:53.082 [main] INFO  org.testng.internal.Utils - [Utils] MethodGroupsHelper.collectMethodsByGroup() took 0 ms.
21:33:53.083 [main] INFO  org.testng.internal.Utils - [Utils] MethodGroupsHelper.sortMethods() took 0 ms.
21:33:53.083 [main] INFO  org.testng.internal.Utils - [Utils] MethodGroupsHelper.collectMethodsByGroup() took 0 ms.
21:33:53.083 [main] INFO  org.testng.internal.Utils - [Utils] MethodGroupsHelper.sortMethods() took 0 ms.
21:33:53.086 [main] INFO  org.testng.internal.Utils - [Utils] MethodGroupsHelper.collectMethodsByGroup() took 0 ms.
21:33:53.086 [main] INFO  org.testng.internal.Utils - [Utils] MethodGroupsHelper.sortMethods() took 0 ms.
21:33:53.087 [main] INFO  org.testng.internal.Utils - [Utils] MethodGroupsHelper.collectMethodsByGroup() took 0 ms.
21:33:53.088 [main] INFO  org.testng.internal.Utils - [Utils] MethodGroupsHelper.sortMethods() took 0 ms.
21:33:53.090 [main] INFO  org.testng.internal.Utils - [Utils] MethodGroupsHelper.collectMethodsByGroup() took 0 ms.
21:33:53.090 [main] INFO  org.testng.internal.Utils - [Utils] MethodGroupsHelper.sortMethods() took 0 ms.
21:33:53.090 [main] INFO  org.testng.internal.Utils - [Utils] MethodGroupsHelper.collectMethodsByGroup() took 0 ms.
21:33:53.090 [main] INFO  org.testng.internal.Utils - [Utils] MethodGroupsHelper.sortMethods() took 0 ms.
21:33:53.093 [main] INFO  org.testng.internal.Utils - [Utils] MethodGroupsHelper.collectMethodsByGroup() took 2 ms.
21:33:53.095 [main] INFO  org.testng.internal.Utils - [Utils] MethodGroupsHelper.sortMethods() took 0 ms.
21:33:53.097 [main] INFO  org.testng.internal.Utils - [Utils] MethodGroupsHelper.collectMethodsByGroup() took 0 ms.
21:33:53.097 [main] INFO  org.testng.internal.Utils - [Utils] MethodGroupsHelper.sortMethods() took 0 ms.
21:33:53.097 [main] INFO  org.testng.internal.Utils - [Utils] MethodGroupsHelper.collectMethodsByGroup() took 0 ms.
21:33:53.097 [main] INFO  org.testng.internal.Utils - [Utils] MethodGroupsHelper.sortMethods() took 0 ms.
21:33:53.103 [main] INFO  org.testng.internal.Utils - [TestNG] Running:
  /private/var/folders/vk/c8xvglh1045_fw78fj_v46tm010l3j/T/testng-eclipse-1722922067/testng-customsuite.xml

21:33:53.128 [main] INFO  org.testng.internal.Utils - [Utils] DynamicGraphHelper.createDynamicGraph() took 4 ms.
21:33:53.355 [main] DEBUG org.apache.poi.openxml4j.opc.PackageRelationshipCollection - Parsing relationship: /xl/_rels/workbook.xml.rels
21:33:53.369 [main] DEBUG org.apache.poi.openxml4j.opc.PackageRelationshipCollection - Parsing relationship: /xl/worksheets/_rels/sheet1.xml.rels
21:33:53.374 [main] DEBUG org.apache.poi.openxml4j.opc.PackageRelationshipCollection - Parsing relationship: /_rels/.rels
21:33:53.993 [main] DEBUG org.apache.poi.openxml4j.opc.PackageRelationshipCollection - Parsing relationship: /xl/_rels/workbook.xml.rels
21:33:54.002 [main] DEBUG org.apache.poi.openxml4j.opc.PackageRelationshipCollection - Parsing relationship: /xl/worksheets/_rels/sheet1.xml.rels
21:33:54.003 [main] DEBUG org.apache.poi.openxml4j.opc.PackageRelationshipCollection - Parsing relationship: /_rels/.rels
21:33:54.064 [main] DEBUG org.apache.poi.openxml4j.opc.PackageRelationshipCollection - Parsing relationship: /xl/_rels/workbook.xml.rels
21:33:54.074 [main] DEBUG org.apache.poi.openxml4j.opc.PackageRelationshipCollection - Parsing relationship: /xl/worksheets/_rels/sheet1.xml.rels
21:33:54.075 [main] DEBUG org.apache.poi.openxml4j.opc.PackageRelationshipCollection - Parsing relationship: /_rels/.rels
21:33:54.135 [main] ERROR org.testng.internal.Utils - [Error] java.lang.NullPointerException: Cannot invoke &quot;org.apache.poi.xssf.usermodel.XSSFCell.toString()&quot; because the return value of &quot;org.apache.poi.xssf.usermodel.XSSFRow.getCell(int)&quot; is null
	at utilities.ExcelUtils.getRowData(ExcelUtils.java:32)
	at utilities.DataProviders.loginTestData(DataProviders.java:16)
	at java.base/jdk.internal.reflect.DirectMethodHandleAccessor.invoke(DirectMethodHandleAccessor.java:103)
	at java.base/java.lang.reflect.Method.invoke(Method.java:580)
	at org.testng.internal.invokers.MethodInvocationHelper.invokeMethod(MethodInvocationHelper.java:141)
	at org.testng.internal.invokers.MethodInvocationHelper.invokeMethod(MethodInvocationHelper.java:86)
	at org.testng.internal.invokers.MethodInvocationHelper.invokeMethodNoCheckedException(MethodInvocationHelper.java:54)
	at org.testng.internal.invokers.MethodInvocationHelper.invokeDataProvider(MethodInvocationHelper.java:159)
	at org.testng.internal.Parameters.handleParameters(Parameters.java:809)
	at org.testng.internal.Parameters.handleParameters(Parameters.java:734)
	at org.testng.internal.invokers.ParameterHandler.handleParameters(ParameterHandler.java:72)
	at org.testng.internal.invokers.ParameterHandler.createParameters(ParameterHandler.java:51)
	at org.testng.internal.invokers.TestInvoker$MethodInvocationAgent.invoke(TestInvoker.java:946)
	at org.testng.internal.invokers.TestInvoker.invokeTestMethods(TestInvoker.java:203)
	at org.testng.internal.invokers.TestMethodWorker.invokeTestMethods(TestMethodWorker.java:154)
	at org.testng.internal.invokers.TestMethodWorker.run(TestMethodWorker.java:134)
	at java.base/java.util.ArrayList.forEach(ArrayList.java:1597)
	at org.testng.TestRunner.privateRun(TestRunner.java:739)
	at org.testng.TestRunner.run(TestRunner.java:614)
	at org.testng.SuiteRunner.runTest(SuiteRunner.java:421)
	at org.testng.SuiteRunner.runSequentially(SuiteRunner.java:413)
	at org.testng.SuiteRunner.privateRun(SuiteRunner.java:373)
	at org.testng.SuiteRunner.run(SuiteRunner.java:312)
	at org.testng.SuiteRunnerWorker.runSuite(SuiteRunnerWorker.java:52)
	at org.testng.SuiteRunnerWorker.run(SuiteRunnerWorker.java:95)
	at org.testng.TestNG.runSuitesSequentially(TestNG.java:1274)
	at org.testng.TestNG.runSuitesLocally(TestNG.java:1208)
	at org.testng.TestNG.runSuites(TestNG.java:1112)
	at org.testng.TestNG.run(TestNG.java:1079)
	at org.testng.remote.AbstractRemoteTestNG.run(AbstractRemoteTestNG.java:115)
	at org.testng.remote.RemoteTestNG.initAndRun(RemoteTestNG.java:293)
	at org.testng.remote.RemoteTestNG.main(RemoteTestNG.java:91)

21:33:54.332 [main] INFO  org.testng.internal.Utils - [TestNG] Time taken by org.testng.reporters.jq.Main@62891fc8: 96 ms
21:33:54.349 [main] INFO  org.testng.internal.Utils - [TestNG] Time taken by org.testng.reporters.FailedReporter@eb507b9: 16 ms
21:33:54.365 [main] INFO  org.testng.internal.Utils - [TestNG] Time taken by org.testng.reporters.XMLReporter@2416498e: 15 ms
21:33:54.374 [main] INFO  org.testng.internal.Utils - [TestNG] Time taken by org.testng.reporters.EmailableReporter2@4da9f723: 8 ms
21:33:54.384 [main] INFO  org.testng.internal.Utils - [TestNG] Time taken by org.testng.reporters.JUnitReportReporter@6fca5907: 9 ms
21:33:54.384 [main] INFO  org.testng.internal.Utils - [TestNG] Time taken by org.testng.internal.ExitCodeListener@6ec65b5e: 0 ms
21:34:51.820 [main] DEBUG org.testng.TestNG - suiteXmlPath: "/Users/gvig/eclipse-workspace/Opencart/master.xml"
21:34:52.278 [main] INFO  org.testng.internal.Utils - [TestNG] Running:
  /Users/gvig/eclipse-workspace/Opencart/master.xml

21:35:05.802 [main] INFO  testCases.LoginTest - Driver initiated!
21:35:06.159 [main] DEBUG org.apache.poi.openxml4j.opc.PackageRelationshipCollection - Parsing relationship: /xl/_rels/workbook.xml.rels
21:35:06.193 [main] DEBUG org.apache.poi.openxml4j.opc.PackageRelationshipCollection - Parsing relationship: /xl/worksheets/_rels/sheet1.xml.rels
21:35:06.200 [main] DEBUG org.apache.poi.openxml4j.opc.PackageRelationshipCollection - Parsing relationship: /_rels/.rels
21:35:07.703 [main] DEBUG org.apache.poi.openxml4j.opc.PackageRelationshipCollection - Parsing relationship: /xl/_rels/workbook.xml.rels
21:35:07.709 [main] DEBUG org.apache.poi.openxml4j.opc.PackageRelationshipCollection - Parsing relationship: /xl/worksheets/_rels/sheet1.xml.rels
21:35:07.711 [main] DEBUG org.apache.poi.openxml4j.opc.PackageRelationshipCollection - Parsing relationship: /_rels/.rels
21:35:07.814 [main] DEBUG org.apache.poi.openxml4j.opc.PackageRelationshipCollection - Parsing relationship: /xl/_rels/workbook.xml.rels
21:35:07.826 [main] DEBUG org.apache.poi.openxml4j.opc.PackageRelationshipCollection - Parsing relationship: /xl/worksheets/_rels/sheet1.xml.rels
21:35:07.828 [main] DEBUG org.apache.poi.openxml4j.opc.PackageRelationshipCollection - Parsing relationship: /_rels/.rels
21:35:07.982 [main] INFO  testCases.LoginTest - test completed!
21:38:09.421 [main] DEBUG org.testng.TestNG - suiteXmlPath: "/Users/gvig/eclipse-workspace/Opencart/master.xml"
21:38:09.881 [main] INFO  org.testng.internal.Utils - [TestNG] Running:
  /Users/gvig/eclipse-workspace/Opencart/master.xml

21:38:18.395 [main] INFO  testCases.LoginTest - Driver initiated!
21:38:18.646 [main] DEBUG org.apache.poi.openxml4j.opc.PackageRelationshipCollection - Parsing relationship: /xl/_rels/workbook.xml.rels
21:38:18.657 [main] DEBUG org.apache.poi.openxml4j.opc.PackageRelationshipCollection - Parsing relationship: /xl/worksheets/_rels/sheet1.xml.rels
21:38:18.662 [main] DEBUG org.apache.poi.openxml4j.opc.PackageRelationshipCollection - Parsing relationship: /_rels/.rels
21:38:19.564 [main] DEBUG org.apache.poi.openxml4j.opc.PackageRelationshipCollection - Parsing relationship: /xl/_rels/workbook.xml.rels
21:38:19.569 [main] DEBUG org.apache.poi.openxml4j.opc.PackageRelationshipCollection - Parsing relationship: /xl/worksheets/_rels/sheet1.xml.rels
21:38:19.573 [main] DEBUG org.apache.poi.openxml4j.opc.PackageRelationshipCollection - Parsing relationship: /_rels/.rels
21:38:19.677 [main] DEBUG org.apache.poi.openxml4j.opc.PackageRelationshipCollection - Parsing relationship: /xl/_rels/workbook.xml.rels
21:38:19.691 [main] DEBUG org.apache.poi.openxml4j.opc.PackageRelationshipCollection - Parsing relationship: /xl/worksheets/_rels/sheet1.xml.rels
21:38:19.693 [main] DEBUG org.apache.poi.openxml4j.opc.PackageRelationshipCollection - Parsing relationship: /_rels/.rels
